<?xml version="1.0" encoding="UTF-8"?>
<testng-results ignored="0" total="4" passed="4" failed="0" skipped="0">
  <reporter-output>
  </reporter-output>
  <suite started-at="2023-04-04T20:07:52 IST" name="PetSuite" finished-at="2023-04-04T20:08:06 IST" duration-ms="14272">
    <groups>
    </groups>
    <test started-at="2023-04-04T20:07:52 IST" name="PetTest" finished-at="2023-04-04T20:08:06 IST" duration-ms="14272">
      <class name="api.test.UserTests2">
        <test-method is-config="true" signature="setupData()[pri:0, instance:api.test.UserTests2@49ec71f8]" started-at="2023-04-04T20:07:53 IST" name="setupData" finished-at="2023-04-04T20:07:55 IST" duration-ms="2011" status="PASS">
          <reporter-output>
          </reporter-output>
        </test-method> <!-- setupData -->
        <test-method signature="testPostUser()[pri:1, instance:api.test.UserTests2@49ec71f8]" started-at="2023-04-04T20:07:55 IST" name="testPostUser" finished-at="2023-04-04T20:08:01 IST" duration-ms="6299" status="PASS">
          <reporter-output>
          </reporter-output>
        </test-method> <!-- testPostUser -->
        <test-method signature="testGetUserByName()[pri:2, instance:api.test.UserTests2@49ec71f8]" started-at="2023-04-04T20:08:01 IST" name="testGetUserByName" finished-at="2023-04-04T20:08:03 IST" duration-ms="1698" status="PASS">
          <reporter-output>
          </reporter-output>
        </test-method> <!-- testGetUserByName -->
        <test-method signature="testUpdateUser()[pri:3, instance:api.test.UserTests2@49ec71f8]" started-at="2023-04-04T20:08:03 IST" name="testUpdateUser" finished-at="2023-04-04T20:08:04 IST" duration-ms="1694" status="PASS">
          <reporter-output>
          </reporter-output>
        </test-method> <!-- testUpdateUser -->
        <test-method signature="testdeleteUser()[pri:4, instance:api.test.UserTests2@49ec71f8]" started-at="2023-04-04T20:08:04 IST" name="testdeleteUser" finished-at="2023-04-04T20:08:06 IST" duration-ms="1650" status="PASS">
          <reporter-output>
          </reporter-output>
        </test-method> <!-- testdeleteUser -->
      </class> <!-- api.test.UserTests2 -->
    </test> <!-- PetTest -->
  </suite> <!-- PetSuite -->
</testng-results>
