<?xml version="1.0" encoding="UTF-8"?>
<!-- Generated by org.testng.reporters.JUnitXMLReporter -->
<testsuite ignored="0" hostname="HSC-PG02B4N8" failures="0" tests="4" name="PetTest" time="14.272" errors="0" timestamp="2023-04-04T20:08:06 IST">
  <testcase classname="api.test.UserTests2" name="testPostUser" time="6.299"/>
  <testcase classname="api.test.UserTests2" name="testGetUserByName" time="1.698"/>
  <testcase classname="api.test.UserTests2" name="testUpdateUser" time="1.694"/>
  <testcase classname="api.test.UserTests2" name="testdeleteUser" time="1.65"/>
</testsuite> <!-- PetTest -->
