<?xml version="1.0" encoding="UTF-8"?>
<!-- Generated by org.testng.reporters.JUnitXMLReporter -->
<testsuite ignored="0" hostname="HSC-PG02B4N8" failures="0" tests="6" name="Default test" time="18.016" errors="0" timestamp="2023-04-03T16:03:43 IST">
  <testcase classname="api.test.DDTests" name="testPostUser" time="6.622"/>
  <testcase classname="api.test.DDTests" name="testPostUser" time="1.648"/>
  <testcase classname="api.test.DDTests" name="testPostUser" time="1.731"/>
  <testcase classname="api.test.DDTests" name="testDeleteUser" time="1.749"/>
  <testcase classname="api.test.DDTests" name="testDeleteUser" time="1.717"/>
  <testcase classname="api.test.DDTests" name="testDeleteUser" time="1.68"/>
</testsuite> <!-- Default test -->
